app/build/intermediates/manifest_merge_blame_file/debug/manifest-merger-blame-debug-report.txt
1<?xml version="1.0" encoding="utf-8"?>
2<manifest xmlns:android="http://schemas.android.com/apk/res/android"
3    package="com.example.pm3"
4    android:versionCode="1"
5    android:versionName="1.0" >
6
7    <uses-sdk
8        android:minSdkVersion="16"
8-->src\main\AndroidManifest.xml
9        android:targetSdkVersion="30" />
9-->src\main\AndroidManifest.xml
10
11    <!-- Although the *SdkVersion is captured in gradle build files, this is required for non gradle builds -->
12    <!-- <uses-sdk android:minSdkVersion="14"/> -->
13    <uses-permission android:name="android.permission.ACCESS_NETWORK_STATE" />
13-->[com.google.firebase:firebase-database:20.0.0] AndroidManifest.xml:25:5-79
13-->[com.google.firebase:firebase-database:20.0.0] AndroidManifest.xml:25:22-76
14    <uses-permission android:name="android.permission.INTERNET" />
14-->[com.google.firebase:firebase-database:20.0.0] AndroidManifest.xml:26:5-67
14-->[com.google.firebase:firebase-database:20.0.0] AndroidManifest.xml:26:22-64
15
16    <application
16-->src\main\AndroidManifest.xml:5:5-23:19
17        android:name="androidx.multidex.MultiDexApplication"
18        android:allowBackup="true"
18-->src\main\AndroidManifest.xml:6:9-35
19        android:appComponentFactory="androidx.core.app.CoreComponentFactory"
19-->[androidx.core:core:1.5.0] AndroidManifest.xml:24:18-86
20        android:debuggable="true"
21        android:icon="@mipmap/ic_launcher"
21-->src\main\AndroidManifest.xml:7:9-43
22        android:label="@string/app_name"
22-->src\main\AndroidManifest.xml:8:9-41
23        android:roundIcon="@mipmap/ic_launcher_round"
23-->src\main\AndroidManifest.xml:9:9-54
24        android:supportsRtl="true"
24-->src\main\AndroidManifest.xml:10:9-35
25        android:testOnly="true"
26        android:theme="@style/Theme.Pm3" >
26-->src\main\AndroidManifest.xml:11:9-41
27        <activity
27-->src\main\AndroidManifest.xml:12:9-15:69
28            android:name="com.example.pm3.activies.NavigationDrawable"
28-->src\main\AndroidManifest.xml:13:13-56
29            android:label="@string/title_activity_navigation_drawable"
29-->src\main\AndroidManifest.xml:14:13-71
30            android:theme="@style/Theme.Pm3.NoActionBar" />
30-->src\main\AndroidManifest.xml:15:13-57
31        <activity android:name="com.example.pm3.activies.MainActivity" >
31-->src\main\AndroidManifest.xml:16:9-22:20
31-->src\main\AndroidManifest.xml:16:19-56
32            <intent-filter>
32-->src\main\AndroidManifest.xml:17:13-21:29
33                <action android:name="android.intent.action.MAIN" />
33-->src\main\AndroidManifest.xml:18:17-69
33-->src\main\AndroidManifest.xml:18:25-66
34
35                <category android:name="android.intent.category.LAUNCHER" />
35-->src\main\AndroidManifest.xml:20:17-77
35-->src\main\AndroidManifest.xml:20:27-74
36            </intent-filter>
37        </activity>
38
39        <service
39-->[com.google.firebase:firebase-database:20.0.0] AndroidManifest.xml:29:9-35:19
40            android:name="com.google.firebase.components.ComponentDiscoveryService"
40-->[com.google.firebase:firebase-database:20.0.0] AndroidManifest.xml:30:13-84
41            android:directBootAware="true"
41-->[com.google.firebase:firebase-common:20.0.0] AndroidManifest.xml:35:13-43
42            android:exported="false" >
42-->[com.google.firebase:firebase-database:20.0.0] AndroidManifest.xml:31:13-37
43            <meta-data
43-->[com.google.firebase:firebase-database:20.0.0] AndroidManifest.xml:32:13-34:85
44                android:name="com.google.firebase.components:com.google.firebase.database.DatabaseRegistrar"
44-->[com.google.firebase:firebase-database:20.0.0] AndroidManifest.xml:33:17-109
45                android:value="com.google.firebase.components.ComponentRegistrar" />
45-->[com.google.firebase:firebase-database:20.0.0] AndroidManifest.xml:34:17-82
46            <meta-data
46-->[com.google.firebase:firebase-firestore:23.0.1] AndroidManifest.xml:20:13-22:85
47                android:name="com.google.firebase.components:com.google.firebase.firestore.FirestoreRegistrar"
47-->[com.google.firebase:firebase-firestore:23.0.1] AndroidManifest.xml:21:17-111
48                android:value="com.google.firebase.components.ComponentRegistrar" />
48-->[com.google.firebase:firebase-firestore:23.0.1] AndroidManifest.xml:22:17-82
49        </service>
50        <service
50-->[androidx.room:room-runtime:2.2.5] AndroidManifest.xml:25:9-28:40
51            android:name="androidx.room.MultiInstanceInvalidationService"
51-->[androidx.room:room-runtime:2.2.5] AndroidManifest.xml:26:13-74
52            android:directBootAware="true"
52-->[androidx.room:room-runtime:2.2.5] AndroidManifest.xml:27:13-43
53            android:exported="false" />
53-->[androidx.room:room-runtime:2.2.5] AndroidManifest.xml:28:13-37
54
55        <provider
55-->[com.squareup.picasso:picasso:2.71828] AndroidManifest.xml:8:9-11:40
56            android:name="com.squareup.picasso.PicassoProvider"
56-->[com.squareup.picasso:picasso:2.71828] AndroidManifest.xml:9:13-64
57            android:authorities="com.example.pm3.com.squareup.picasso"
57-->[com.squareup.picasso:picasso:2.71828] AndroidManifest.xml:10:13-72
58            android:exported="false" />
58-->[com.squareup.picasso:picasso:2.71828] AndroidManifest.xml:11:13-37
59        <provider
59-->[com.google.firebase:firebase-common:20.0.0] AndroidManifest.xml:26:9-31:39
60            android:name="com.google.firebase.provider.FirebaseInitProvider"
60-->[com.google.firebase:firebase-common:20.0.0] AndroidManifest.xml:27:13-77
61            android:authorities="com.example.pm3.firebaseinitprovider"
61-->[com.google.firebase:firebase-common:20.0.0] AndroidManifest.xml:28:13-72
62            android:directBootAware="true"
62-->[com.google.firebase:firebase-common:20.0.0] AndroidManifest.xml:29:13-43
63            android:exported="false"
63-->[com.google.firebase:firebase-common:20.0.0] AndroidManifest.xml:30:13-37
64            android:initOrder="100" />
64-->[com.google.firebase:firebase-common:20.0.0] AndroidManifest.xml:31:13-36
65
66        <activity
66-->[com.google.android.gms:play-services-base:17.1.0] AndroidManifest.xml:23:9-26:75
67            android:name="com.google.android.gms.common.api.GoogleApiActivity"
67-->[com.google.android.gms:play-services-base:17.1.0] AndroidManifest.xml:24:13-79
68            android:exported="false"
68-->[com.google.android.gms:play-services-base:17.1.0] AndroidManifest.xml:25:13-37
69            android:theme="@android:style/Theme.Translucent.NoTitleBar" />
69-->[com.google.android.gms:play-services-base:17.1.0] AndroidManifest.xml:26:13-72
70
71        <meta-data
71-->[com.google.android.gms:play-services-basement:17.0.0] AndroidManifest.xml:23:9-25:69
72            android:name="com.google.android.gms.version"
72-->[com.google.android.gms:play-services-basement:17.0.0] AndroidManifest.xml:24:13-58
73            android:value="@integer/google_play_services_version" />
73-->[com.google.android.gms:play-services-basement:17.0.0] AndroidManifest.xml:25:13-66
74    </application>
75
76</manifest>